app/build/outputs/logs/manifest-merger-debug-report.txt
-- Merging decision tree log ---
manifest
ADDED from src\main\AndroidManifest.xml:2:1-165:12
	package
		ADDED from src\main\AndroidManifest.xml:3:5-40
		INJECTED from src\main\AndroidManifest.xml
		INJECTED from src\main\AndroidManifest.xml
	android:versionName
		INJECTED from src\main\AndroidManifest.xml
		INJECTED from src\main\AndroidManifest.xml
	xmlns:android
		ADDED from src\main\AndroidManifest.xml:2:11-69
	android:versionCode
		INJECTED from src\main\AndroidManifest.xml
		INJECTED from src\main\AndroidManifest.xml
application
ADDED from src\main\AndroidManifest.xml:5:5-163:19
MERGED from [com.google.firebase:firebase-core:9.2.1] AndroidManifest.xml:5:5-20
MERGED from [com.google.firebase:firebase-analytics:9.2.1] AndroidManifest.xml:26:5-41:19
MERGED from [com.google.android.gms:play-services-basement:9.2.1] AndroidManifest.xml:20:5-24:19
MERGED from [com.android.support:support-v4:24.1.1] AndroidManifest.xml:25:5-20
MERGED from [com.google.firebase:firebase-common:9.2.1] AndroidManifest.xml:5:5-12:19
MERGED from [com.google.android.gms:play-services-basement:9.2.1] AndroidManifest.xml:20:5-24:19
MERGED from [com.android.support:support-v4:24.1.1] AndroidManifest.xml:25:5-20
MERGED from [com.google.android.gms:play-services-tasks:9.2.1] AndroidManifest.xml:5:5-20
MERGED from [com.google.android.gms:play-services-basement:9.2.1] AndroidManifest.xml:20:5-24:19
MERGED from [com.android.support:support-v4:24.1.1] AndroidManifest.xml:25:5-20
MERGED from [com.google.firebase:firebase-analytics-impl:9.2.1] AndroidManifest.xml:26:5-41:19
MERGED from [com.google.android.gms:play-services-basement:9.2.1] AndroidManifest.xml:20:5-24:19
MERGED from [com.android.support:support-v4:24.1.1] AndroidManifest.xml:25:5-20
MERGED from [com.google.firebase:firebase-iid:9.2.1] AndroidManifest.xml:30:5-59:19
MERGED from [com.google.android.gms:play-services-basement:9.2.1] AndroidManifest.xml:20:5-24:19
MERGED from [com.android.support:support-v4:24.1.1] AndroidManifest.xml:25:5-20
MERGED from [com.google.firebase:firebase-common:9.2.1] AndroidManifest.xml:5:5-12:19
MERGED from [com.google.android.gms:play-services-basement:9.2.1] AndroidManifest.xml:20:5-24:19
MERGED from [com.android.support:support-v4:24.1.1] AndroidManifest.xml:25:5-20
MERGED from [com.google.android.gms:play-services-tasks:9.2.1] AndroidManifest.xml:5:5-20
MERGED from [com.google.android.gms:play-services-basement:9.2.1] AndroidManifest.xml:20:5-24:19
MERGED from [com.android.support:support-v4:24.1.1] AndroidManifest.xml:25:5-20
MERGED from [com.google.firebase:firebase-common:9.2.1] AndroidManifest.xml:5:5-12:19
MERGED from [com.google.android.gms:play-services-basement:9.2.1] AndroidManifest.xml:20:5-24:19
MERGED from [com.android.support:support-v4:24.1.1] AndroidManifest.xml:25:5-20
MERGED from [com.google.android.gms:play-services-tasks:9.2.1] AndroidManifest.xml:5:5-20
MERGED from [com.google.android.gms:play-services-basement:9.2.1] AndroidManifest.xml:20:5-24:19
MERGED from [com.android.support:support-v4:24.1.1] AndroidManifest.xml:25:5-20
MERGED from [com.android.support:appcompat-v7:24.1.1] AndroidManifest.xml:25:5-20
MERGED from [com.android.support:animated-vector-drawable:24.1.1] AndroidManifest.xml:22:5-20
MERGED from [com.android.support:support-vector-drawable:24.1.1] AndroidManifest.xml:23:5-20
MERGED from [com.android.support:support-v4:24.1.1] AndroidManifest.xml:25:5-20
MERGED from [com.android.support:support-v4:24.1.1] AndroidManifest.xml:25:5-20
MERGED from [com.android.support:support-vector-drawable:24.1.1] AndroidManifest.xml:23:5-20
MERGED from [com.android.support:support-v4:24.1.1] AndroidManifest.xml:25:5-20
MERGED from [com.android.support:design:24.1.1] AndroidManifest.xml:22:5-20
MERGED from [com.android.support:support-v4:24.1.1] AndroidManifest.xml:25:5-20
MERGED from [com.android.support:support-v4:24.1.1] AndroidManifest.xml:25:5-20
MERGED from [com.android.support:appcompat-v7:24.1.1] AndroidManifest.xml:25:5-20
MERGED from [com.android.support:animated-vector-drawable:24.1.1] AndroidManifest.xml:22:5-20
MERGED from [com.android.support:support-vector-drawable:24.1.1] AndroidManifest.xml:23:5-20
MERGED from [com.android.support:support-v4:24.1.1] AndroidManifest.xml:25:5-20
MERGED from [com.android.support:support-v4:24.1.1] AndroidManifest.xml:25:5-20
MERGED from [com.android.support:support-vector-drawable:24.1.1] AndroidManifest.xml:23:5-20
MERGED from [com.android.support:support-v4:24.1.1] AndroidManifest.xml:25:5-20
MERGED from [com.google.android.gms:play-services-base:9.2.1] AndroidManifest.xml:19:5-23:19
MERGED from [com.google.android.gms:play-services-basement:9.2.1] AndroidManifest.xml:20:5-24:19
MERGED from [com.android.support:support-v4:24.1.1] AndroidManifest.xml:25:5-20
MERGED from [com.google.android.gms:play-services-tasks:9.2.1] AndroidManifest.xml:5:5-20
MERGED from [com.google.android.gms:play-services-basement:9.2.1] AndroidManifest.xml:20:5-24:19
MERGED from [com.android.support:support-v4:24.1.1] AndroidManifest.xml:25:5-20
MERGED from [com.google.android.gms:play-services-basement:9.2.1] AndroidManifest.xml:20:5-24:19
MERGED from [com.android.support:support-v4:24.1.1] AndroidManifest.xml:25:5-20
MERGED from [com.google.android.gms:play-services-base:9.2.1] AndroidManifest.xml:19:5-23:19
MERGED from [com.google.android.gms:play-services-basement:9.2.1] AndroidManifest.xml:20:5-24:19
MERGED from [com.android.support:support-v4:24.1.1] AndroidManifest.xml:25:5-20
MERGED from [com.google.android.gms:play-services-tasks:9.2.1] AndroidManifest.xml:5:5-20
MERGED from [com.google.android.gms:play-services-basement:9.2.1] AndroidManifest.xml:20:5-24:19
MERGED from [com.android.support:support-v4:24.1.1] AndroidManifest.xml:25:5-20
MERGED from [com.google.android.gms:play-services-basement:9.2.1] AndroidManifest.xml:20:5-24:19
MERGED from [com.android.support:support-v4:24.1.1] AndroidManifest.xml:25:5-20
MERGED from [com.google.firebase:firebase-common:9.2.1] AndroidManifest.xml:5:5-12:19
MERGED from [com.google.android.gms:play-services-basement:9.2.1] AndroidManifest.xml:20:5-24:19
MERGED from [com.android.support:support-v4:24.1.1] AndroidManifest.xml:25:5-20
MERGED from [com.google.android.gms:play-services-tasks:9.2.1] AndroidManifest.xml:5:5-20
MERGED from [com.google.android.gms:play-services-basement:9.2.1] AndroidManifest.xml:20:5-24:19
MERGED from [com.android.support:support-v4:24.1.1] AndroidManifest.xml:25:5-20
MERGED from [com.google.firebase:firebase-common:9.2.1] AndroidManifest.xml:5:5-12:19
MERGED from [com.google.android.gms:play-services-basement:9.2.1] AndroidManifest.xml:20:5-24:19
MERGED from [com.android.support:support-v4:24.1.1] AndroidManifest.xml:25:5-20
MERGED from [com.google.android.gms:play-services-tasks:9.2.1] AndroidManifest.xml:5:5-20
MERGED from [com.google.android.gms:play-services-basement:9.2.1] AndroidManifest.xml:20:5-24:19
MERGED from [com.android.support:support-v4:24.1.1] AndroidManifest.xml:25:5-20
MERGED from [com.google.android.gms:play-services-tasks:9.2.1] AndroidManifest.xml:5:5-20
MERGED from [com.google.android.gms:play-services-basement:9.2.1] AndroidManifest.xml:20:5-24:19
MERGED from [com.android.support:support-v4:24.1.1] AndroidManifest.xml:25:5-20
MERGED from [com.google.firebase:firebase-auth:9.2.1] AndroidManifest.xml:20:5-21:19
MERGED from [com.google.android.gms:play-services-base:9.2.1] AndroidManifest.xml:19:5-23:19
MERGED from [com.google.android.gms:play-services-basement:9.2.1] AndroidManifest.xml:20:5-24:19
MERGED from [com.android.support:support-v4:24.1.1] AndroidManifest.xml:25:5-20
MERGED from [com.google.android.gms:play-services-tasks:9.2.1] AndroidManifest.xml:5:5-20
MERGED from [com.google.android.gms:play-services-basement:9.2.1] AndroidManifest.xml:20:5-24:19
MERGED from [com.android.support:support-v4:24.1.1] AndroidManifest.xml:25:5-20
MERGED from [com.google.android.gms:play-services-basement:9.2.1] AndroidManifest.xml:20:5-24:19
MERGED from [com.android.support:support-v4:24.1.1] AndroidManifest.xml:25:5-20
MERGED from [com.google.firebase:firebase-auth-common:9.2.1] AndroidManifest.xml:20:5-21:19
MERGED from [com.google.android.gms:play-services-base:9.2.1] AndroidManifest.xml:19:5-23:19
MERGED from [com.google.android.gms:play-services-basement:9.2.1] AndroidManifest.xml:20:5-24:19
MERGED from [com.android.support:support-v4:24.1.1] AndroidManifest.xml:25:5-20
MERGED from [com.google.android.gms:play-services-tasks:9.2.1] AndroidManifest.xml:5:5-20
MERGED from [com.google.android.gms:play-services-basement:9.2.1] AndroidManifest.xml:20:5-24:19
MERGED from [com.android.support:support-v4:24.1.1] AndroidManifest.xml:25:5-20
MERGED from [com.google.android.gms:play-services-basement:9.2.1] AndroidManifest.xml:20:5-24:19
MERGED from [com.android.support:support-v4:24.1.1] AndroidManifest.xml:25:5-20
MERGED from [com.google.android.gms:play-services-base:9.2.1] AndroidManifest.xml:19:5-23:19
MERGED from [com.google.android.gms:play-services-basement:9.2.1] AndroidManifest.xml:20:5-24:19
MERGED from [com.android.support:support-v4:24.1.1] AndroidManifest.xml:25:5-20
MERGED from [com.google.android.gms:play-services-tasks:9.2.1] AndroidManifest.xml:5:5-20
MERGED from [com.google.android.gms:play-services-basement:9.2.1] AndroidManifest.xml:20:5-24:19
MERGED from [com.android.support:support-v4:24.1.1] AndroidManifest.xml:25:5-20
MERGED from [com.google.android.gms:play-services-basement:9.2.1] AndroidManifest.xml:20:5-24:19
MERGED from [com.android.support:support-v4:24.1.1] AndroidManifest.xml:25:5-20
MERGED from [com.google.firebase:firebase-common:9.2.1] AndroidManifest.xml:5:5-12:19
MERGED from [com.google.android.gms:play-services-basement:9.2.1] AndroidManifest.xml:20:5-24:19
MERGED from [com.android.support:support-v4:24.1.1] AndroidManifest.xml:25:5-20
MERGED from [com.google.android.gms:play-services-tasks:9.2.1] AndroidManifest.xml:5:5-20
MERGED from [com.google.android.gms:play-services-basement:9.2.1] AndroidManifest.xml:20:5-24:19
MERGED from [com.android.support:support-v4:24.1.1] AndroidManifest.xml:25:5-20
MERGED from [com.google.android.gms:play-services-base:9.2.1] AndroidManifest.xml:19:5-23:19
MERGED from [com.google.android.gms:play-services-basement:9.2.1] AndroidManifest.xml:20:5-24:19
MERGED from [com.android.support:support-v4:24.1.1] AndroidManifest.xml:25:5-20
MERGED from [com.google.android.gms:play-services-tasks:9.2.1] AndroidManifest.xml:5:5-20
MERGED from [com.google.android.gms:play-services-basement:9.2.1] AndroidManifest.xml:20:5-24:19
MERGED from [com.android.support:support-v4:24.1.1] AndroidManifest.xml:25:5-20
MERGED from [com.google.android.gms:play-services-basement:9.2.1] AndroidManifest.xml:20:5-24:19
MERGED from [com.android.support:support-v4:24.1.1] AndroidManifest.xml:25:5-20
MERGED from [com.google.firebase:firebase-common:9.2.1] AndroidManifest.xml:5:5-12:19
MERGED from [com.google.android.gms:play-services-basement:9.2.1] AndroidManifest.xml:20:5-24:19
MERGED from [com.android.support:support-v4:24.1.1] AndroidManifest.xml:25:5-20
MERGED from [com.google.android.gms:play-services-tasks:9.2.1] AndroidManifest.xml:5:5-20
MERGED from [com.google.android.gms:play-services-basement:9.2.1] AndroidManifest.xml:20:5-24:19
MERGED from [com.android.support:support-v4:24.1.1] AndroidManifest.xml:25:5-20
MERGED from [com.google.android.gms:play-services-tasks:9.2.1] AndroidManifest.xml:5:5-20
MERGED from [com.google.android.gms:play-services-basement:9.2.1] AndroidManifest.xml:20:5-24:19
MERGED from [com.android.support:support-v4:24.1.1] AndroidManifest.xml:25:5-20
MERGED from [com.android.support:appcompat-v7:24.1.1] AndroidManifest.xml:25:5-20
MERGED from [com.android.support:animated-vector-drawable:24.1.1] AndroidManifest.xml:22:5-20
MERGED from [com.android.support:support-vector-drawable:24.1.1] AndroidManifest.xml:23:5-20
MERGED from [com.android.support:support-v4:24.1.1] AndroidManifest.xml:25:5-20
MERGED from [com.android.support:support-v4:24.1.1] AndroidManifest.xml:25:5-20
MERGED from [com.android.support:support-vector-drawable:24.1.1] AndroidManifest.xml:23:5-20
MERGED from [com.android.support:support-v4:24.1.1] AndroidManifest.xml:25:5-20
MERGED from [com.android.support:support-v4:24.1.1] AndroidManifest.xml:25:5-20
MERGED from [com.google.android.gms:play-services-base:9.2.1] AndroidManifest.xml:19:5-23:19
MERGED from [com.google.android.gms:play-services-basement:9.2.1] AndroidManifest.xml:20:5-24:19
MERGED from [com.android.support:support-v4:24.1.1] AndroidManifest.xml:25:5-20
MERGED from [com.google.android.gms:play-services-tasks:9.2.1] AndroidManifest.xml:5:5-20
MERGED from [com.google.android.gms:play-services-basement:9.2.1] AndroidManifest.xml:20:5-24:19
MERGED from [com.android.support:support-v4:24.1.1] AndroidManifest.xml:25:5-20
MERGED from [com.google.android.gms:play-services-basement:9.2.1] AndroidManifest.xml:20:5-24:19
MERGED from [com.android.support:support-v4:24.1.1] AndroidManifest.xml:25:5-20
MERGED from [com.google.android.gms:play-services-base:9.2.1] AndroidManifest.xml:19:5-23:19
MERGED from [com.google.android.gms:play-services-basement:9.2.1] AndroidManifest.xml:20:5-24:19
MERGED from [com.android.support:support-v4:24.1.1] AndroidManifest.xml:25:5-20
MERGED from [com.google.android.gms:play-services-tasks:9.2.1] AndroidManifest.xml:5:5-20
MERGED from [com.google.android.gms:play-services-basement:9.2.1] AndroidManifest.xml:20:5-24:19
MERGED from [com.android.support:support-v4:24.1.1] AndroidManifest.xml:25:5-20
MERGED from [com.google.android.gms:play-services-basement:9.2.1] AndroidManifest.xml:20:5-24:19
MERGED from [com.android.support:support-v4:24.1.1] AndroidManifest.xml:25:5-20
MERGED from [com.google.firebase:firebase-common:9.2.1] AndroidManifest.xml:5:5-12:19
MERGED from [com.google.android.gms:play-services-basement:9.2.1] AndroidManifest.xml:20:5-24:19
MERGED from [com.android.support:support-v4:24.1.1] AndroidManifest.xml:25:5-20
MERGED from [com.google.android.gms:play-services-tasks:9.2.1] AndroidManifest.xml:5:5-20
MERGED from [com.google.android.gms:play-services-basement:9.2.1] AndroidManifest.xml:20:5-24:19
MERGED from [com.android.support:support-v4:24.1.1] AndroidManifest.xml:25:5-20
MERGED from [com.google.firebase:firebase-common:9.2.1] AndroidManifest.xml:5:5-12:19
MERGED from [com.google.android.gms:play-services-basement:9.2.1] AndroidManifest.xml:20:5-24:19
MERGED from [com.android.support:support-v4:24.1.1] AndroidManifest.xml:25:5-20
MERGED from [com.google.android.gms:play-services-tasks:9.2.1] AndroidManifest.xml:5:5-20
MERGED from [com.google.android.gms:play-services-basement:9.2.1] AndroidManifest.xml:20:5-24:19
MERGED from [com.android.support:support-v4:24.1.1] AndroidManifest.xml:25:5-20
MERGED from [com.google.android.gms:play-services-tasks:9.2.1] AndroidManifest.xml:5:5-20
MERGED from [com.google.android.gms:play-services-basement:9.2.1] AndroidManifest.xml:20:5-24:19
MERGED from [com.android.support:support-v4:24.1.1] AndroidManifest.xml:25:5-20
MERGED from [com.android.support:cardview-v7:24.0.0] AndroidManifest.xml:22:5-20
MERGED from [com.sa90.materialarcmenu:library:1.4.1] AndroidManifest.xml:11:5-15:19
MERGED from [com.android.support:appcompat-v7:24.1.1] AndroidManifest.xml:25:5-20
MERGED from [com.android.support:animated-vector-drawable:24.1.1] AndroidManifest.xml:22:5-20
MERGED from [com.android.support:support-vector-drawable:24.1.1] AndroidManifest.xml:23:5-20
MERGED from [com.android.support:support-v4:24.1.1] AndroidManifest.xml:25:5-20
MERGED from [com.android.support:support-v4:24.1.1] AndroidManifest.xml:25:5-20
MERGED from [com.android.support:support-vector-drawable:24.1.1] AndroidManifest.xml:23:5-20
MERGED from [com.android.support:support-v4:24.1.1] AndroidManifest.xml:25:5-20
MERGED from [com.android.support:design:24.1.1] AndroidManifest.xml:22:5-20
MERGED from [com.android.support:support-v4:24.1.1] AndroidManifest.xml:25:5-20
MERGED from [com.android.support:support-v4:24.1.1] AndroidManifest.xml:25:5-20
MERGED from [com.android.support:appcompat-v7:24.1.1] AndroidManifest.xml:25:5-20
MERGED from [com.android.support:animated-vector-drawable:24.1.1] AndroidManifest.xml:22:5-20
MERGED from [com.android.support:support-vector-drawable:24.1.1] AndroidManifest.xml:23:5-20
MERGED from [com.android.support:support-v4:24.1.1] AndroidManifest.xml:25:5-20
MERGED from [com.android.support:support-v4:24.1.1] AndroidManifest.xml:25:5-20
MERGED from [com.android.support:support-vector-drawable:24.1.1] AndroidManifest.xml:23:5-20
MERGED from [com.android.support:support-v4:24.1.1] AndroidManifest.xml:25:5-20
MERGED from [com.android.support:support-v4:24.1.1] AndroidManifest.xml:25:5-20
MERGED from [com.android.support:appcompat-v7:24.1.1] AndroidManifest.xml:25:5-20
MERGED from [com.android.support:animated-vector-drawable:24.1.1] AndroidManifest.xml:22:5-20
MERGED from [com.android.support:support-vector-drawable:24.1.1] AndroidManifest.xml:23:5-20
MERGED from [com.android.support:support-v4:24.1.1] AndroidManifest.xml:25:5-20
MERGED from [com.android.support:support-v4:24.1.1] AndroidManifest.xml:25:5-20
MERGED from [com.android.support:support-vector-drawable:24.1.1] AndroidManifest.xml:23:5-20
MERGED from [com.android.support:support-v4:24.1.1] AndroidManifest.xml:25:5-20
MERGED from [com.android.support:appcompat-v7:24.1.1] AndroidManifest.xml:25:5-20
MERGED from [com.android.support:animated-vector-drawable:24.1.1] AndroidManifest.xml:22:5-20
MERGED from [com.android.support:support-vector-drawable:24.1.1] AndroidManifest.xml:23:5-20
MERGED from [com.android.support:support-v4:24.1.1] AndroidManifest.xml:25:5-20
MERGED from [com.android.support:support-v4:24.1.1] AndroidManifest.xml:25:5-20
MERGED from [com.android.support:support-vector-drawable:24.1.1] AndroidManifest.xml:23:5-20
MERGED from [com.android.support:support-v4:24.1.1] AndroidManifest.xml:25:5-20
	android:label
		ADDED from src\main\AndroidManifest.xml:8:9-41
	android:supportsRtl
		ADDED from src\main\AndroidManifest.xml:9:9-35
	android:allowBackup
		ADDED from src\main\AndroidManifest.xml:6:9-35
	android:icon
		ADDED from src\main\AndroidManifest.xml:7:9-43
	android:theme
		ADDED from src\main\AndroidManifest.xml:10:9-40
activity#azubakov.edu.caloriescalc.activity.UserListsActivity
ADDED from src\main\AndroidManifest.xml:11:9-20:20
	android:label
		ADDED from src\main\AndroidManifest.xml:13:13-45
	android:theme
		ADDED from src\main\AndroidManifest.xml:14:13-56
	android:name
		ADDED from src\main\AndroidManifest.xml:12:13-55
intent-filter#android.intent.action.MAIN+android.intent.category.LAUNCHER
ADDED from src\main\AndroidManifest.xml:15:13-19:29
action#android.intent.action.MAIN
ADDED from src\main\AndroidManifest.xml:16:17-69
	android:name
		ADDED from src\main\AndroidManifest.xml:16:25-66
category#android.intent.category.LAUNCHER
ADDED from src\main\AndroidManifest.xml:18:17-77
	android:name
		ADDED from src\main\AndroidManifest.xml:18:27-74
activity#azubakov.edu.caloriescalc.activity.LoginActivity
ADDED from src\main\AndroidManifest.xml:21:9-60
	android:name
		ADDED from src\main\AndroidManifest.xml:21:19-57
activity#azubakov.edu.caloriescalc.activity.CalorieRecyclerActivity
ADDED from src\main\AndroidManifest.xml:22:9-25:59
	android:label
		ADDED from src\main\AndroidManifest.xml:24:13-64
	android:theme
		ADDED from src\main\AndroidManifest.xml:25:13-56
	android:name
		ADDED from src\main\AndroidManifest.xml:23:13-61
activity#azubakov.edu.caloriescalc.activity.ResultBasicActivity
ADDED from src\main\AndroidManifest.xml:26:9-29:59
	android:label
		ADDED from src\main\AndroidManifest.xml:28:13-64
	android:theme
		ADDED from src\main\AndroidManifest.xml:29:13-56
	android:name
		ADDED from src\main\AndroidManifest.xml:27:13-57
activity#azubakov.edu.caloriescalc.activity.CalorieNavDrawerActivity
ADDED from src\main\AndroidManifest.xml:30:9-33:59
	android:label
		ADDED from src\main\AndroidManifest.xml:32:13-70
	android:theme
		ADDED from src\main\AndroidManifest.xml:33:13-56
	android:name
		ADDED from src\main\AndroidManifest.xml:31:13-62
activity#azubakov.edu.caloriescalc.activity.CaloriesDetailsBasicActivity
ADDED from src\main\AndroidManifest.xml:34:9-37:59
	android:label
		ADDED from src\main\AndroidManifest.xml:36:13-64
	android:theme
		ADDED from src\main\AndroidManifest.xml:37:13-56
	android:name
		ADDED from src\main\AndroidManifest.xml:35:13-66
activity#azubakov.edu.caloriescalc.activity.InformBodyCaloriesActivity
ADDED from src\main\AndroidManifest.xml:38:9-41:59
	android:label
		ADDED from src\main\AndroidManifest.xml:40:13-72
	android:theme
		ADDED from src\main\AndroidManifest.xml:41:13-56
	android:name
		ADDED from src\main\AndroidManifest.xml:39:13-64
activity#azubakov.edu.caloriescalc.activity.ResultInfoBodyActivity
ADDED from src\main\AndroidManifest.xml:42:9-45:59
	android:label
		ADDED from src\main\AndroidManifest.xml:44:13-68
	android:theme
		ADDED from src\main\AndroidManifest.xml:45:13-56
	android:name
		ADDED from src\main\AndroidManifest.xml:43:13-60
activity#azubakov.edu.caloriescalc.activity.RecyclerInfoBodyActivity
ADDED from src\main\AndroidManifest.xml:46:9-58:20
	android:label
		ADDED from src\main\AndroidManifest.xml:48:13-69
	android:theme
		ADDED from src\main\AndroidManifest.xml:49:13-56
	android:name
		ADDED from src\main\AndroidManifest.xml:47:13-62
activity#azubakov.edu.caloriescalc.activity.InformBodyCaloriesSpinActivity
ADDED from src\main\AndroidManifest.xml:59:9-62:59
	android:label
		ADDED from src\main\AndroidManifest.xml:61:13-77
	android:theme
		ADDED from src\main\AndroidManifest.xml:62:13-56
	android:name
		ADDED from src\main\AndroidManifest.xml:60:13-68
activity#azubakov.edu.caloriescalc.activity.RecyclerMilkProductsActivity
ADDED from src\main\AndroidManifest.xml:63:9-75:20
	android:label
		ADDED from src\main\AndroidManifest.xml:65:13-57
	android:theme
		ADDED from src\main\AndroidManifest.xml:66:13-56
	android:name
		ADDED from src\main\AndroidManifest.xml:64:13-66
activity#azubakov.edu.caloriescalc.activity.RecyclerMeatProductsActivity
ADDED from src\main\AndroidManifest.xml:76:9-88:20
	android:label
		ADDED from src\main\AndroidManifest.xml:78:13-74
	android:theme
		ADDED from src\main\AndroidManifest.xml:79:13-56
	android:name
		ADDED from src\main\AndroidManifest.xml:77:13-66
activity#azubakov.edu.caloriescalc.activity.RecyclerFishProductsActivity
ADDED from src\main\AndroidManifest.xml:89:9-102:20
	android:label
		ADDED from src\main\AndroidManifest.xml:91:13-74
	android:theme
		ADDED from src\main\AndroidManifest.xml:92:13-56
	android:name
		ADDED from src\main\AndroidManifest.xml:90:13-66
activity#azubakov.edu.caloriescalc.activity.DairynActivity
ADDED from src\main\AndroidManifest.xml:103:9-106:59
	android:label
		ADDED from src\main\AndroidManifest.xml:105:13-58
	android:theme
		ADDED from src\main\AndroidManifest.xml:106:13-56
	android:name
		ADDED from src\main\AndroidManifest.xml:104:13-52
activity#azubakov.edu.caloriescalc.activity.DairyActivity
ADDED from src\main\AndroidManifest.xml:107:9-110:59
	android:label
		ADDED from src\main\AndroidManifest.xml:109:13-57
	android:theme
		ADDED from src\main\AndroidManifest.xml:110:13-56
	android:name
		ADDED from src\main\AndroidManifest.xml:108:13-51
activity#azubakov.edu.caloriescalc.activity.RecyclerResultsDairyActivity
ADDED from src\main\AndroidManifest.xml:111:9-114:59
	android:label
		ADDED from src\main\AndroidManifest.xml:113:13-74
	android:theme
		ADDED from src\main\AndroidManifest.xml:114:13-56
	android:name
		ADDED from src\main\AndroidManifest.xml:112:13-66
activity#azubakov.edu.caloriescalc.activity.RecyclerBreadProductsActivity
ADDED from src\main\AndroidManifest.xml:115:9-118:59
	android:label
		ADDED from src\main\AndroidManifest.xml:117:13-75
	android:theme
		ADDED from src\main\AndroidManifest.xml:118:13-56
	android:name
		ADDED from src\main\AndroidManifest.xml:116:13-67
activity#azubakov.edu.caloriescalc.activity.RecyclerPopularProductsActivity
ADDED from src\main\AndroidManifest.xml:119:9-122:59
	android:label
		ADDED from src\main\AndroidManifest.xml:121:13-77
	android:theme
		ADDED from src\main\AndroidManifest.xml:122:13-56
	android:name
		ADDED from src\main\AndroidManifest.xml:120:13-69
activity#azubakov.edu.caloriescalc.activity.MealSummaryActivity
ADDED from src\main\AndroidManifest.xml:123:9-126:59
	android:label
		ADDED from src\main\AndroidManifest.xml:125:13-64
	android:theme
		ADDED from src\main\AndroidManifest.xml:126:13-56
	android:name
		ADDED from src\main\AndroidManifest.xml:124:13-57
activity#azubakov.edu.caloriescalc.activity.MealSummaryRecyclerActivity
ADDED from src\main\AndroidManifest.xml:127:9-130:59
	android:label
		ADDED from src\main\AndroidManifest.xml:129:13-73
	android:theme
		ADDED from src\main\AndroidManifest.xml:130:13-56
	android:name
		ADDED from src\main\AndroidManifest.xml:128:13-65
activity#azubakov.edu.caloriescalc.activity.NutritionixActivity
ADDED from src\main\AndroidManifest.xml:131:9-134:59
	android:label
		ADDED from src\main\AndroidManifest.xml:133:13-63
	android:theme
		ADDED from src\main\AndroidManifest.xml:134:13-56
	android:name
		ADDED from src\main\AndroidManifest.xml:132:13-57
activity#azubakov.edu.caloriescalc.activity.SearchAutocompliteNutritionixActivity
ADDED from src\main\AndroidManifest.xml:135:9-138:59
	android:label
		ADDED from src\main\AndroidManifest.xml:137:13-83
	android:theme
		ADDED from src\main\AndroidManifest.xml:138:13-56
	android:name
		ADDED from src\main\AndroidManifest.xml:136:13-75
activity#azubakov.edu.caloriescalc.activity.RecyclerActsActivity
ADDED from src\main\AndroidManifest.xml:139:9-142:59
	android:label
		ADDED from src\main\AndroidManifest.xml:141:13-65
	android:theme
		ADDED from src\main\AndroidManifest.xml:142:13-56
	android:name
		ADDED from src\main\AndroidManifest.xml:140:13-58
activity#azubakov.edu.caloriescalc.activity.MealProductsSpinActivity
ADDED from src\main\AndroidManifest.xml:143:9-146:59
	android:label
		ADDED from src\main\AndroidManifest.xml:145:13-70
	android:theme
		ADDED from src\main\AndroidManifest.xml:146:13-56
	android:name
		ADDED from src\main\AndroidManifest.xml:144:13-62
activity#azubakov.edu.caloriescalc.activity.HelperActivity
ADDED from src\main\AndroidManifest.xml:147:9-150:59
	android:label
		ADDED from src\main\AndroidManifest.xml:149:13-58
	android:theme
		ADDED from src\main\AndroidManifest.xml:150:13-56
	android:name
		ADDED from src\main\AndroidManifest.xml:148:13-52
activity#azubakov.edu.caloriescalc.activity.RecyclerFruitsProductsActivity
ADDED from src\main\AndroidManifest.xml:151:9-154:59
	android:label
		ADDED from src\main\AndroidManifest.xml:153:13-67
	android:theme
		ADDED from src\main\AndroidManifest.xml:154:13-56
	android:name
		ADDED from src\main\AndroidManifest.xml:152:13-68
activity#azubakov.edu.caloriescalc.activity.RecyclerVegetablesProductsActivity
ADDED from src\main\AndroidManifest.xml:155:9-158:59
	android:label
		ADDED from src\main\AndroidManifest.xml:157:13-80
	android:theme
		ADDED from src\main\AndroidManifest.xml:158:13-56
	android:name
		ADDED from src\main\AndroidManifest.xml:156:13-72
activity#azubakov.edu.caloriescalc.activity.RecyclerDrinkProductsActivity
ADDED from src\main\AndroidManifest.xml:159:9-162:68
	android:label
		ADDED from src\main\AndroidManifest.xml:161:13-75
	android:theme
		ADDED from src\main\AndroidManifest.xml:162:13-56
	android:name
		ADDED from src\main\AndroidManifest.xml:160:13-67
uses-sdk
INJECTED from src\main\AndroidManifest.xml reason: use-sdk injection requested
MERGED from [com.google.firebase:firebase-core:9.2.1] AndroidManifest.xml:4:5-42
MERGED from [com.google.firebase:firebase-analytics:9.2.1] AndroidManifest.xml:18:5-42
MERGED from [com.google.android.gms:play-services-basement:9.2.1] AndroidManifest.xml:18:5-42
MERGED from [com.android.support:support-v4:24.1.1] AndroidManifest.xml:21:5-23:54
MERGED from [com.google.firebase:firebase-common:9.2.1] AndroidManifest.xml:4:5-43
MERGED from [com.google.android.gms:play-services-basement:9.2.1] AndroidManifest.xml:18:5-42
MERGED from [com.android.support:support-v4:24.1.1] AndroidManifest.xml:21:5-23:54
MERGED from [com.google.android.gms:play-services-tasks:9.2.1] AndroidManifest.xml:4:5-43
MERGED from [com.google.android.gms:play-services-basement:9.2.1] AndroidManifest.xml:18:5-42
MERGED from [com.android.support:support-v4:24.1.1] AndroidManifest.xml:21:5-23:54
MERGED from [com.google.firebase:firebase-analytics-impl:9.2.1] AndroidManifest.xml:18:5-42
MERGED from [com.google.android.gms:play-services-basement:9.2.1] AndroidManifest.xml:18:5-42
MERGED from [com.android.support:support-v4:24.1.1] AndroidManifest.xml:21:5-23:54
MERGED from [com.google.firebase:firebase-iid:9.2.1] AndroidManifest.xml:18:5-42
MERGED from [com.google.android.gms:play-services-basement:9.2.1] AndroidManifest.xml:18:5-42
MERGED from [com.android.support:support-v4:24.1.1] AndroidManifest.xml:21:5-23:54
MERGED from [com.google.firebase:firebase-common:9.2.1] AndroidManifest.xml:4:5-43
MERGED from [com.google.android.gms:play-services-basement:9.2.1] AndroidManifest.xml:18:5-42
MERGED from [com.android.support:support-v4:24.1.1] AndroidManifest.xml:21:5-23:54
MERGED from [com.google.android.gms:play-services-tasks:9.2.1] AndroidManifest.xml:4:5-43
MERGED from [com.google.android.gms:play-services-basement:9.2.1] AndroidManifest.xml:18:5-42
MERGED from [com.android.support:support-v4:24.1.1] AndroidManifest.xml:21:5-23:54
MERGED from [com.google.firebase:firebase-common:9.2.1] AndroidManifest.xml:4:5-43
MERGED from [com.google.android.gms:play-services-basement:9.2.1] AndroidManifest.xml:18:5-42
MERGED from [com.android.support:support-v4:24.1.1] AndroidManifest.xml:21:5-23:54
MERGED from [com.google.android.gms:play-services-tasks:9.2.1] AndroidManifest.xml:4:5-43
MERGED from [com.google.android.gms:play-services-basement:9.2.1] AndroidManifest.xml:18:5-42